<?xml version="1.0" encoding="UTF-8"?>
<!-- Generated by org.testng.reporters.JUnitReportReporter -->
<testsuite hostname="DESKTOP-0DTA44N" failures="0" tests="1" name="com.crm.qa.testcases.ContactsPageTest" time="11.928" errors="0" timestamp="2023-02-07T14:58:13 EST" skipped="0">
  <testcase classname="com.crm.qa.testcases.ContactsPageTest" name="verifyContactsPhoneLinkTest" time="11.928"/>
  <system-out/>
</testsuite> <!-- com.crm.qa.testcases.ContactsPageTest -->
