<?xml version="1.0" encoding="UTF-8"?>
<!-- Generated by org.testng.reporters.JUnitReportReporter -->
<testsuite hostname="DESKTOP-0DTA44N" failures="0" tests="4" name="com.crm.qa.testcases.NewContactTest" time="57.098" errors="0" timestamp="2023-02-01T14:51:16 EST" skipped="0">
  <testcase classname="com.crm.qa.testcases.NewContactTest" name="validateCreateNewContact" time="13.999"/>
  <system-out/>
  <testcase classname="com.crm.qa.testcases.NewContactTest" name="validateCreateNewContact" time="14.138"/>
  <system-out/>
  <testcase classname="com.crm.qa.testcases.NewContactTest" name="validateCreateNewContact" time="13.797"/>
  <system-out/>
  <testcase classname="com.crm.qa.testcases.NewContactTest" name="validateCreateNewContact" time="15.164"/>
  <system-out/>
</testsuite> <!-- com.crm.qa.testcases.NewContactTest -->
