<?xml version="1.0" encoding="UTF-8"?>
<!-- Generated by org.testng.reporters.JUnitReportReporter -->
<testsuite hostname="DESKTOP-0DTA44N" failures="0" tests="1" name="com.crm.qa.testcases.LoginPageTest" time="12.089" errors="0" timestamp="2023-02-07T15:11:51 EST" skipped="0">
  <testcase classname="com.crm.qa.testcases.LoginPageTest" name="loginPageTitleTest" time="12.089"/>
  <system-out/>
</testsuite> <!-- com.crm.qa.testcases.LoginPageTest -->
