<?xml version="1.0" encoding="UTF-8"?>
<!-- Generated by org.testng.reporters.JUnitReportReporter -->
<testsuite hostname="DESKTOP-0DTA44N" failures="0" tests="3" name="com.crm.qa.testcases.HomePageTest" time="14.281" errors="0" timestamp="2023-02-01T20:34:31 EST" skipped="0">
  <testcase classname="com.crm.qa.testcases.HomePageTest" name="verifyHomePageTitleTest" time="4.086"/>
  <system-out/>
  <testcase classname="com.crm.qa.testcases.HomePageTest" name="verifyUnameTest" time="5.204"/>
  <system-out/>
  <testcase classname="com.crm.qa.testcases.HomePageTest" name="verifyContactsLinkTest" time="4.991"/>
  <system-out/>
</testsuite> <!-- com.crm.qa.testcases.HomePageTest -->
