<?xml version="1.0" encoding="UTF-8"?>
<!-- Generated by org.testng.reporters.JUnitReportReporter -->
<testsuite hostname="DESKTOP-0DTA44N" failures="0" tests="4" name="com.crm.qa.testcases.NewContactTest" time="59.135" errors="0" timestamp="2023-02-07T16:11:30 EST" skipped="0">
  <testcase classname="com.crm.qa.testcases.NewContactTest" name="validateCreateNewContact" time="14.838"/>
  <system-out/>
  <testcase classname="com.crm.qa.testcases.NewContactTest" name="validateCreateNewContact" time="13.781"/>
  <system-out/>
  <testcase classname="com.crm.qa.testcases.NewContactTest" name="validateCreateNewContact" time="15.187"/>
  <system-out/>
  <testcase classname="com.crm.qa.testcases.NewContactTest" name="validateCreateNewContact" time="15.329"/>
  <system-out/>
</testsuite> <!-- com.crm.qa.testcases.NewContactTest -->
