<?xml version="1.0" encoding="UTF-8"?>
<!-- Generated by org.testng.reporters.JUnitReportReporter -->
<testsuite hostname="DESKTOP-0DTA44N" failures="0" tests="3" name="com.crm.qa.testcases.HomePageTest" time="20.389" errors="0" timestamp="2023-02-07T16:11:30 EST" skipped="0">
  <testcase classname="com.crm.qa.testcases.HomePageTest" name="verifyHomePageTitleTest" time="6.513"/>
  <system-out/>
  <testcase classname="com.crm.qa.testcases.HomePageTest" name="verifyUnameTest" time="6.692"/>
  <system-out/>
  <testcase classname="com.crm.qa.testcases.HomePageTest" name="verifyContactsLinkTest" time="7.184"/>
  <system-out/>
</testsuite> <!-- com.crm.qa.testcases.HomePageTest -->
